2025-07-29 14:32:48.681 [main] INFO  ▶  Logger initialized for feature: 8_ARCA_Overview
2025-07-29 14:33:26.923 [main] INFO  ▶  The Auto-Root Cause: Overview Screen is loaded with the neccessary Cost Metric options
2025-07-29 14:33:27.087 [main] INFO  ▶  The Cost Metric:  Returns Handling and Freight Costs is clicked
2025-07-29 14:33:27.228 [main] INFO  ▶  The View Saved Scenario Button was clicked and the Saved Customer Product Combinations and Saved Scenario Simulations tables loaded
2025-07-29 14:33:32.252 [main] INFO  ▶  SSS: The Customer and Product Combination name of first row record is extracted
2025-07-29 14:33:32.481 [main] INFO  ▶  The Edit button of the Customer ID: 49305 is clicked whose Customer and Product Combination name is: 49305_Dummy Scenario_20250711_221541
2025-07-29 14:33:32.721 [main] INFO  ▶  SSS: The Edit button is clicked
2025-07-29 14:33:38.050 [main] INFO  ▶  Successfully, redirected to the Create Scenario screen
2025-07-29 14:33:39.381 [main] INFO  ▶  Create Scenario: The Filter button was clicked
2025-07-29 14:33:42.847 [main] INFO  ▶  Create Scenario: The Filter - Customer and Product Combination option was clicked
2025-07-29 14:33:48.054 [main] INFO  ▶  Create Scenario: The Filter - Customer and Product Combination - Selected values was extracted
2025-07-29 14:33:48.055 [main] INFO  ▶  The Customer and Product Combination names matched successfully and this validates that selected record is loaded in the Create Scenario Screen:  49305_Dummy Scenario_20250711_221541 == 49305_Dummy Scenario_20250711_221541
2025-07-29 14:33:48.398 [main] INFO  ▶  Create Scenario: The Filter - Cancel button was clicked
2025-07-29 14:33:49.803 [main] INFO  ▶  Navigated back to the Overview screen from Create Scenario
2025-07-29 14:33:59.026 [main] INFO  ▶  The Cost Metric:  Returns Handling and Freight Costs is clicked
2025-07-29 14:33:59.238 [main] INFO  ▶  The View Saved Scenario Button was clicked and the Saved Customer Product Combinations and Saved Scenario Simulations tables loaded
2025-07-29 14:34:04.274 [main] INFO  ▶  The Overview screen is reloaded with View Saved Scenario's for the selected metric: Returns Handling and Freight Costs
2025-07-29 14:34:04.474 [main] INFO  ▶  SSS: The scenario name present in the pop-up is extracted
2025-07-29 14:34:05.062 [main] INFO  ▶  SSS: The Error messsage in the pop-up was diaplayed
2025-07-29 14:34:05.337 [main] INFO  ▶  SSS: The Cancel icon of the pop-up is clicked
2025-07-29 14:34:07.879 [main] INFO  ▶  SSS: The Customer ID present in the Saved Scenario Simulations table first row is extracted to search
2025-07-29 14:34:08.027 [main] INFO  ▶  SSS: The Saved Scenario Simulations of the Customer ID: 49305 was searched
2025-07-29 14:34:12.916 [main] INFO  ▶  SSS: The record of the searched Customer ID: 49305 is selected
2025-07-29 14:34:19.629 [main] INFO  ▶  SSS: The first row record is selected 
2025-07-29 14:34:19.700 [main] INFO  ▶  SSS: The Sensitivity Scenario name of the first row is extracted
2025-07-29 14:34:20.041 [main] INFO  ▶  SSS: The View Impact button was clicked after selecting the record
2025-07-29 14:34:25.437 [main] INFO  ▶  SSS: The scenario name present in the pop-up is extracted
2025-07-29 14:34:25.437 [main] INFO  ▶  SSS: The scenario names matched successfully with the Sensitivity Scenario name,
 and this validates that pop-up is loaded with impact of the selected record:  49305 Scenario == 49305 Scenario
2025-07-29 14:34:25.666 [main] INFO  ▶  SSS: The Cancel icon of the pop-up is clicked
2025-07-29 14:34:28.066 [main] INFO  ▶  SSS: The Delete icon is clicked without setting to the Delete option in the table record
2025-07-29 14:34:34.551 [main] ERROR ▶ ❌ Scenario FAILED: Verify that the user is able to choose a metric and click the View Saved Scenario button, which then updates the screen with Saved Scenario Simulations table and perform various actions
