2025-07-29 17:33:57.885 [main] INFO  ▶ 🔄 Starting scenario: Verify whether the user is able to view the Pricing and Profit Bridge chart for the selected Customer - Commodity code combination and create a scenario simulation
2025-07-29 17:34:32.441 [main] INFO  ▶ The Profit Bridge screen is loaded with the Pricing (Actual vs System %) and Profit Bridge (Gross Profit to Enterprise Profit) chart
2025-07-29 17:34:33.576 [main] INFO  ▶  Successfully!, Landed on the Profit Bridge Screen
2025-07-29 17:34:34.574 [main] INFO  ▶  The Customer details matched and confirms the chart is of the Selected Customer and Product Combinations
2025-07-29 17:34:36.762 [main] INFO  ▶  The Download Icon of the chart is clicked and downloaded the chart
2025-07-29 17:34:43.014 [main] INFO  ▶  The Customer ID's matched and confirms that the redirection is as expected
2025-07-29 17:35:01.465 [main] INFO  ▶  The Customer and Product Combination names matched successfully and this validates that selected record is loaded in the Create Scenario Screen:  49305_Dummy Scenario_20250711_221541 == 49305_Dummy Scenario_20250711_221541
2025-07-29 17:35:01.485 [main] INFO  ▶  Successfully! redirected to the Create Scenario screen
2025-07-29 17:35:02.512 [main] INFO  ▶ ✅ Scenario PASSED: Verify whether the user is able to view the Pricing and Profit Bridge chart for the selected Customer - Commodity code combination and create a scenario simulation
2025-07-29 17:35:02.512 [main] INFO  ▶ ─────────────────────────────── End of Scenario ───────────────────────────────
2025-07-29 17:35:03.681 [main] INFO  ▶ 🔄 Starting scenario: Verify whether the user is able to view the Pricing and Profit Bridge chart for the selected Customer - Commodity code combination and create a scenario simulation
2025-07-29 17:35:38.375 [main] INFO  ▶ The Profit Bridge screen is loaded with the Pricing (Actual vs System %) and Profit Bridge (Gross Profit to Enterprise Profit) chart
2025-07-29 17:35:39.627 [main] INFO  ▶  Successfully!, Landed on the Profit Bridge Screen
2025-07-29 17:35:40.617 [main] INFO  ▶  The Customer details matched and confirms the chart is of the Selected Customer and Product Combinations
2025-07-29 17:35:42.819 [main] INFO  ▶  The Download Icon of the chart is clicked and downloaded the chart
2025-07-29 17:35:48.912 [main] INFO  ▶  The Customer ID's matched and confirms that the redirection is as expected
2025-07-29 17:36:07.195 [main] INFO  ▶  The Customer and Product Combination names matched successfully and this validates that selected record is loaded in the Create Scenario Screen:  49305_Dummy Scenario_20250711_221541 == 49305_Dummy Scenario_20250711_221541
2025-07-29 17:36:07.212 [main] INFO  ▶  Successfully! redirected to the Create Scenario screen
2025-07-29 17:36:08.218 [main] INFO  ▶ ✅ Scenario PASSED: Verify whether the user is able to view the Pricing and Profit Bridge chart for the selected Customer - Commodity code combination and create a scenario simulation
2025-07-29 17:36:08.218 [main] INFO  ▶ ─────────────────────────────── End of Scenario ───────────────────────────────
